2020-01-30 21:19:53.204 [ main ] - [ INFO  ] [ com.example.demo1.Demo1Application : 50 ] - Starting Demo1Application on DING-PC with PID 15796 (F:\MyCode\Agricultural-Big-Data-Basics\02_Spring_Boot\demo1\target\classes started by DING in F:\MyCode\Agricultural-Big-Data-Basics\02_Spring_Boot\demo1)
2020-01-30 21:19:53.209 [ main ] - [ DEBUG ] [ com.example.demo1.Demo1Application : 53 ] - Running with Spring Boot v2.1.12.RELEASE, Spring v5.1.13.RELEASE
2020-01-30 21:19:53.210 [ main ] - [ INFO  ] [ com.example.demo1.Demo1Application : 648 ] - No active profile set, falling back to default profiles: default
2020-01-30 21:19:54.675 [ main ] - [ INFO  ] [ org.apache.coyote.http11.Http11NioProtocol : 173 ] - Initializing ProtocolHandler ["http-nio-8080"]
2020-01-30 21:19:54.683 [ main ] - [ INFO  ] [ org.apache.catalina.core.StandardService : 173 ] - Starting service [Tomcat]
2020-01-30 21:19:54.684 [ main ] - [ INFO  ] [ org.apache.catalina.core.StandardEngine : 173 ] - Starting Servlet engine: [Apache Tomcat/9.0.30]
2020-01-30 21:19:54.958 [ main ] - [ INFO  ] [ o.a.c.core.ContainerBase.[Tomcat].[localhost].[/] : 173 ] - Initializing Spring embedded WebApplicationContext
2020-01-30 21:19:55.168 [ main ] - [ INFO  ] [ com.zaxxer.hikari.HikariDataSource : 110 ] - HikariPool-1 - Starting...
2020-01-30 21:19:55.366 [ main ] - [ INFO  ] [ com.zaxxer.hikari.HikariDataSource : 123 ] - HikariPool-1 - Start completed.
2020-01-30 21:19:55.801 [ main ] - [ INFO  ] [ org.hibernate.jpa.internal.util.LogHelper : 31 ] - HHH000204: Processing PersistenceUnitInfo [
	name: default
	...]
2020-01-30 21:19:55.859 [ main ] - [ INFO  ] [ org.hibernate.Version : 46 ] - HHH000412: Hibernate Core {5.3.15.Final}
2020-01-30 21:19:55.861 [ main ] - [ INFO  ] [ org.hibernate.cfg.Environment : 213 ] - HHH000206: hibernate.properties not found
2020-01-30 21:19:55.975 [ main ] - [ INFO  ] [ org.hibernate.annotations.common.Version : 49 ] - HCANN000001: Hibernate Commons Annotations {5.0.4.Final}
2020-01-30 21:19:56.095 [ main ] - [ INFO  ] [ org.hibernate.dialect.Dialect : 157 ] - HHH000400: Using dialect: org.hibernate.dialect.H2Dialect
2020-01-30 21:19:56.258 [ main ] - [ INFO  ] [ o.hibernate.tool.schema.internal.SchemaCreatorImpl : 489 ] - HHH000476: Executing import script 'org.hibernate.tool.schema.internal.exec.ScriptSourceInputNonExistentImpl@7ce29a2d'
2020-01-30 21:19:56.926 [ main ] - [ INFO  ] [ org.apache.coyote.http11.Http11NioProtocol : 173 ] - Starting ProtocolHandler ["http-nio-8080"]
2020-01-30 21:19:56.951 [ main ] - [ INFO  ] [ com.example.demo1.Demo1Application : 59 ] - Started Demo1Application in 4.343 seconds (JVM running for 5.68)
2020-01-30 21:19:56.960 [ main ] - [ INFO  ] [ com.example.demo1.Demo1Application : 33 ] - HikariDataSource (HikariPool-1)
2020-01-30 21:19:56.961 [ main ] - [ INFO  ] [ com.example.demo1.Demo1Application : 35 ] - HikariProxyConnection@1731588624 wrapping conn0: url=jdbc:h2:mem:testdb user=SA
2020-01-30 21:19:56.966 [ main ] - [ INFO  ] [ com.example.demo1.Demo1Application : 41 ] - {ID=1, BAR=aaa}
2020-01-30 21:19:56.966 [ main ] - [ INFO  ] [ com.example.demo1.Demo1Application : 41 ] - {ID=2, BAR=bbb}
2020-01-30 21:19:57.583 [ RMI TCP Connection(1)-192.168.133.1 ] - [ INFO  ] [ o.a.c.core.ContainerBase.[Tomcat].[localhost].[/] : 173 ] - Initializing Spring DispatcherServlet 'dispatcherServlet'
2020-01-30 21:19:57.723 [ parallel-1 ] - [ INFO  ] [ io.lettuce.core.EpollProvider : 68 ] - Starting without optional epoll library
2020-01-30 21:19:57.725 [ parallel-1 ] - [ INFO  ] [ io.lettuce.core.KqueueProvider : 70 ] - Starting without optional kqueue library
2020-01-30 21:24:58.332 [ main ] - [ INFO  ] [ com.example.demo1.Demo1Application : 50 ] - Starting Demo1Application on DING-PC with PID 13460 (F:\MyCode\Agricultural-Big-Data-Basics\02_Spring_Boot\demo1\target\classes started by DING in F:\MyCode\Agricultural-Big-Data-Basics\02_Spring_Boot\demo1)
2020-01-30 21:24:58.335 [ main ] - [ DEBUG ] [ com.example.demo1.Demo1Application : 53 ] - Running with Spring Boot v2.1.12.RELEASE, Spring v5.1.13.RELEASE
2020-01-30 21:24:58.335 [ main ] - [ INFO  ] [ com.example.demo1.Demo1Application : 648 ] - No active profile set, falling back to default profiles: default
2020-01-30 21:25:00.045 [ main ] - [ INFO  ] [ org.apache.coyote.http11.Http11NioProtocol : 173 ] - Initializing ProtocolHandler ["http-nio-8080"]
2020-01-30 21:25:00.053 [ main ] - [ INFO  ] [ org.apache.catalina.core.StandardService : 173 ] - Starting service [Tomcat]
2020-01-30 21:25:00.053 [ main ] - [ INFO  ] [ org.apache.catalina.core.StandardEngine : 173 ] - Starting Servlet engine: [Apache Tomcat/9.0.30]
2020-01-30 21:25:00.311 [ main ] - [ INFO  ] [ o.a.c.core.ContainerBase.[Tomcat].[localhost].[/] : 173 ] - Initializing Spring embedded WebApplicationContext
2020-01-30 21:25:00.511 [ main ] - [ INFO  ] [ com.zaxxer.hikari.HikariDataSource : 110 ] - HikariPool-1 - Starting...
2020-01-30 21:25:00.721 [ main ] - [ INFO  ] [ com.zaxxer.hikari.HikariDataSource : 123 ] - HikariPool-1 - Start completed.
2020-01-30 21:25:01.161 [ main ] - [ INFO  ] [ org.hibernate.jpa.internal.util.LogHelper : 31 ] - HHH000204: Processing PersistenceUnitInfo [
	name: default
	...]
2020-01-30 21:25:01.219 [ main ] - [ INFO  ] [ org.hibernate.Version : 46 ] - HHH000412: Hibernate Core {5.3.15.Final}
2020-01-30 21:25:01.222 [ main ] - [ INFO  ] [ org.hibernate.cfg.Environment : 213 ] - HHH000206: hibernate.properties not found
2020-01-30 21:25:01.340 [ main ] - [ INFO  ] [ org.hibernate.annotations.common.Version : 49 ] - HCANN000001: Hibernate Commons Annotations {5.0.4.Final}
2020-01-30 21:25:01.460 [ main ] - [ INFO  ] [ org.hibernate.dialect.Dialect : 157 ] - HHH000400: Using dialect: org.hibernate.dialect.H2Dialect
2020-01-30 21:25:01.629 [ main ] - [ INFO  ] [ o.hibernate.tool.schema.internal.SchemaCreatorImpl : 489 ] - HHH000476: Executing import script 'org.hibernate.tool.schema.internal.exec.ScriptSourceInputNonExistentImpl@6f6cc7da'
2020-01-30 21:25:02.320 [ main ] - [ INFO  ] [ org.apache.coyote.http11.Http11NioProtocol : 173 ] - Starting ProtocolHandler ["http-nio-8080"]
2020-01-30 21:25:02.344 [ main ] - [ INFO  ] [ com.example.demo1.Demo1Application : 59 ] - Started Demo1Application in 4.503 seconds (JVM running for 5.751)
2020-01-30 21:25:02.353 [ main ] - [ INFO  ] [ com.example.demo1.Demo1Application : 33 ] - HikariDataSource (HikariPool-1)
2020-01-30 21:25:02.353 [ main ] - [ INFO  ] [ com.example.demo1.Demo1Application : 35 ] - HikariProxyConnection@299989139 wrapping conn0: url=jdbc:h2:mem:testdb user=SA
2020-01-30 21:25:02.358 [ main ] - [ INFO  ] [ com.example.demo1.Demo1Application : 41 ] - {ID=1, BAR=aaa}
2020-01-30 21:25:02.359 [ main ] - [ INFO  ] [ com.example.demo1.Demo1Application : 41 ] - {ID=2, BAR=bbb}
2020-01-30 21:25:02.973 [ RMI TCP Connection(2)-192.168.133.1 ] - [ INFO  ] [ o.a.c.core.ContainerBase.[Tomcat].[localhost].[/] : 173 ] - Initializing Spring DispatcherServlet 'dispatcherServlet'
2020-01-30 21:25:03.095 [ parallel-1 ] - [ INFO  ] [ io.lettuce.core.EpollProvider : 68 ] - Starting without optional epoll library
2020-01-30 21:25:03.096 [ parallel-1 ] - [ INFO  ] [ io.lettuce.core.KqueueProvider : 70 ] - Starting without optional kqueue library
2020-01-30 21:26:01.193 [ main ] - [ INFO  ] [ com.example.demo1.Demo1Application : 50 ] - Starting Demo1Application on DING-PC with PID 20052 (F:\MyCode\Agricultural-Big-Data-Basics\02_Spring_Boot\demo1\target\classes started by DING in F:\MyCode\Agricultural-Big-Data-Basics\02_Spring_Boot\demo1)
2020-01-30 21:26:01.197 [ main ] - [ DEBUG ] [ com.example.demo1.Demo1Application : 53 ] - Running with Spring Boot v2.1.12.RELEASE, Spring v5.1.13.RELEASE
2020-01-30 21:26:01.198 [ main ] - [ INFO  ] [ com.example.demo1.Demo1Application : 648 ] - No active profile set, falling back to default profiles: default
2020-01-30 21:26:02.907 [ main ] - [ INFO  ] [ org.apache.coyote.http11.Http11NioProtocol : 173 ] - Initializing ProtocolHandler ["http-nio-8080"]
2020-01-30 21:26:02.916 [ main ] - [ INFO  ] [ org.apache.catalina.core.StandardService : 173 ] - Starting service [Tomcat]
2020-01-30 21:26:02.916 [ main ] - [ INFO  ] [ org.apache.catalina.core.StandardEngine : 173 ] - Starting Servlet engine: [Apache Tomcat/9.0.30]
2020-01-30 21:26:03.172 [ main ] - [ INFO  ] [ o.a.c.core.ContainerBase.[Tomcat].[localhost].[/] : 173 ] - Initializing Spring embedded WebApplicationContext
2020-01-30 21:26:03.381 [ main ] - [ INFO  ] [ com.zaxxer.hikari.HikariDataSource : 110 ] - HikariPool-1 - Starting...
2020-01-30 21:26:03.558 [ main ] - [ INFO  ] [ com.zaxxer.hikari.HikariDataSource : 123 ] - HikariPool-1 - Start completed.
2020-01-30 21:26:04.016 [ main ] - [ INFO  ] [ org.hibernate.jpa.internal.util.LogHelper : 31 ] - HHH000204: Processing PersistenceUnitInfo [
	name: default
	...]
2020-01-30 21:26:04.073 [ main ] - [ INFO  ] [ org.hibernate.Version : 46 ] - HHH000412: Hibernate Core {5.3.15.Final}
2020-01-30 21:26:04.075 [ main ] - [ INFO  ] [ org.hibernate.cfg.Environment : 213 ] - HHH000206: hibernate.properties not found
2020-01-30 21:26:04.191 [ main ] - [ INFO  ] [ org.hibernate.annotations.common.Version : 49 ] - HCANN000001: Hibernate Commons Annotations {5.0.4.Final}
2020-01-30 21:26:04.311 [ main ] - [ INFO  ] [ org.hibernate.dialect.Dialect : 157 ] - HHH000400: Using dialect: org.hibernate.dialect.H2Dialect
2020-01-30 21:26:04.487 [ main ] - [ INFO  ] [ o.hibernate.tool.schema.internal.SchemaCreatorImpl : 489 ] - HHH000476: Executing import script 'org.hibernate.tool.schema.internal.exec.ScriptSourceInputNonExistentImpl@724bf25f'
2020-01-30 21:26:05.176 [ main ] - [ INFO  ] [ org.apache.coyote.http11.Http11NioProtocol : 173 ] - Starting ProtocolHandler ["http-nio-8080"]
2020-01-30 21:26:05.200 [ main ] - [ INFO  ] [ com.example.demo1.Demo1Application : 59 ] - Started Demo1Application in 4.469 seconds (JVM running for 5.688)
2020-01-30 21:26:05.209 [ main ] - [ INFO  ] [ com.example.demo1.Demo1Application : 33 ] - HikariDataSource (HikariPool-1)
2020-01-30 21:26:05.209 [ main ] - [ INFO  ] [ com.example.demo1.Demo1Application : 35 ] - HikariProxyConnection@207514021 wrapping conn0: url=jdbc:h2:mem:testdb user=SA
2020-01-30 21:26:05.215 [ main ] - [ INFO  ] [ com.example.demo1.Demo1Application : 41 ] - {ID=1, BAR=aaa}
2020-01-30 21:26:05.215 [ main ] - [ INFO  ] [ com.example.demo1.Demo1Application : 41 ] - {ID=2, BAR=bbb}
2020-01-30 21:26:05.845 [ RMI TCP Connection(4)-192.168.133.1 ] - [ INFO  ] [ o.a.c.core.ContainerBase.[Tomcat].[localhost].[/] : 173 ] - Initializing Spring DispatcherServlet 'dispatcherServlet'
2020-01-30 21:26:05.960 [ parallel-1 ] - [ INFO  ] [ io.lettuce.core.EpollProvider : 68 ] - Starting without optional epoll library
2020-01-30 21:26:05.961 [ parallel-1 ] - [ INFO  ] [ io.lettuce.core.KqueueProvider : 70 ] - Starting without optional kqueue library
2020-01-30 21:50:54.542 [ main ] - [ INFO  ] [ com.example.demo1.Demo1Application : 50 ] - Starting Demo1Application on DING-PC with PID 17184 (F:\MyCode\Agricultural-Big-Data-Basics\02_Spring_Boot\demo1\target\classes started by DING in F:\MyCode\Agricultural-Big-Data-Basics\02_Spring_Boot\demo1)
2020-01-30 21:50:54.546 [ main ] - [ DEBUG ] [ com.example.demo1.Demo1Application : 53 ] - Running with Spring Boot v2.1.12.RELEASE, Spring v5.1.13.RELEASE
2020-01-30 21:50:54.546 [ main ] - [ INFO  ] [ com.example.demo1.Demo1Application : 648 ] - No active profile set, falling back to default profiles: default
2020-01-30 21:50:56.052 [ main ] - [ INFO  ] [ org.apache.coyote.http11.Http11NioProtocol : 173 ] - Initializing ProtocolHandler ["http-nio-8080"]
2020-01-30 21:50:56.059 [ main ] - [ INFO  ] [ org.apache.catalina.core.StandardService : 173 ] - Starting service [Tomcat]
2020-01-30 21:50:56.059 [ main ] - [ INFO  ] [ org.apache.catalina.core.StandardEngine : 173 ] - Starting Servlet engine: [Apache Tomcat/9.0.30]
2020-01-30 21:50:56.302 [ main ] - [ INFO  ] [ o.a.c.core.ContainerBase.[Tomcat].[localhost].[/] : 173 ] - Initializing Spring embedded WebApplicationContext
2020-01-30 21:50:56.491 [ main ] - [ INFO  ] [ com.zaxxer.hikari.HikariDataSource : 110 ] - HikariPool-1 - Starting...
2020-01-30 21:50:56.752 [ main ] - [ INFO  ] [ com.zaxxer.hikari.HikariDataSource : 123 ] - HikariPool-1 - Start completed.
2020-01-30 21:50:57.024 [ main ] - [ INFO  ] [ org.hibernate.jpa.internal.util.LogHelper : 31 ] - HHH000204: Processing PersistenceUnitInfo [
	name: default
	...]
2020-01-30 21:50:57.078 [ main ] - [ INFO  ] [ org.hibernate.Version : 46 ] - HHH000412: Hibernate Core {5.3.15.Final}
2020-01-30 21:50:57.079 [ main ] - [ INFO  ] [ org.hibernate.cfg.Environment : 213 ] - HHH000206: hibernate.properties not found
2020-01-30 21:50:57.186 [ main ] - [ INFO  ] [ org.hibernate.annotations.common.Version : 49 ] - HCANN000001: Hibernate Commons Annotations {5.0.4.Final}
2020-01-30 21:50:57.293 [ main ] - [ INFO  ] [ org.hibernate.dialect.Dialect : 157 ] - HHH000400: Using dialect: org.hibernate.dialect.H2Dialect
2020-01-30 21:50:57.448 [ main ] - [ INFO  ] [ o.hibernate.tool.schema.internal.SchemaCreatorImpl : 489 ] - HHH000476: Executing import script 'org.hibernate.tool.schema.internal.exec.ScriptSourceInputNonExistentImpl@4214ae8f'
2020-01-30 21:50:58.013 [ main ] - [ INFO  ] [ org.apache.coyote.http11.Http11NioProtocol : 173 ] - Starting ProtocolHandler ["http-nio-8080"]
2020-01-30 21:50:58.037 [ main ] - [ INFO  ] [ com.example.demo1.Demo1Application : 59 ] - Started Demo1Application in 4.061 seconds (JVM running for 5.288)
2020-01-30 21:50:58.046 [ main ] - [ INFO  ] [ com.example.demo1.Demo1Application : 33 ] - HikariDataSource (HikariPool-1)
2020-01-30 21:50:58.046 [ main ] - [ INFO  ] [ com.example.demo1.Demo1Application : 35 ] - HikariProxyConnection@1171611746 wrapping conn0: url=jdbc:h2:mem:testdb user=SA
2020-01-30 21:50:58.052 [ main ] - [ INFO  ] [ com.example.demo1.Demo1Application : 41 ] - {ID=1, BAR=aaa}
2020-01-30 21:50:58.052 [ main ] - [ INFO  ] [ com.example.demo1.Demo1Application : 41 ] - {ID=2, BAR=bbb}
2020-01-30 21:50:58.479 [ RMI TCP Connection(2)-192.168.133.1 ] - [ INFO  ] [ o.a.c.core.ContainerBase.[Tomcat].[localhost].[/] : 173 ] - Initializing Spring DispatcherServlet 'dispatcherServlet'
