2020-01-31 15:07:58.944 [ main ] - [ INFO  ] [ com.example.demo1.Demo1Application : 50 ] - Starting Demo1Application on DING-PC with PID 10992 (F:\MyCode\Agricultural-Big-Data-Basics\02_Spring_Boot\demo1\target\classes started by DING in F:\MyCode\Agricultural-Big-Data-Basics\02_Spring_Boot\demo1)
2020-01-31 15:07:58.951 [ main ] - [ DEBUG ] [ com.example.demo1.Demo1Application : 53 ] - Running with Spring Boot v2.1.12.RELEASE, Spring v5.1.13.RELEASE
2020-01-31 15:07:58.986 [ main ] - [ INFO  ] [ com.example.demo1.Demo1Application : 648 ] - No active profile set, falling back to default profiles: default
2020-01-31 15:08:00.739 [ main ] - [ INFO  ] [ org.apache.coyote.http11.Http11NioProtocol : 173 ] - Initializing ProtocolHandler ["http-nio-8080"]
2020-01-31 15:08:00.750 [ main ] - [ INFO  ] [ org.apache.catalina.core.StandardService : 173 ] - Starting service [Tomcat]
2020-01-31 15:08:00.750 [ main ] - [ INFO  ] [ org.apache.catalina.core.StandardEngine : 173 ] - Starting Servlet engine: [Apache Tomcat/9.0.30]
2020-01-31 15:08:01.032 [ main ] - [ INFO  ] [ o.a.c.core.ContainerBase.[Tomcat].[localhost].[/] : 173 ] - Initializing Spring embedded WebApplicationContext
2020-01-31 15:08:01.234 [ main ] - [ INFO  ] [ com.zaxxer.hikari.HikariDataSource : 110 ] - HikariPool-1 - Starting...
2020-01-31 15:08:01.469 [ main ] - [ INFO  ] [ com.zaxxer.hikari.HikariDataSource : 123 ] - HikariPool-1 - Start completed.
2020-01-31 15:08:01.784 [ main ] - [ INFO  ] [ org.hibernate.jpa.internal.util.LogHelper : 31 ] - HHH000204: Processing PersistenceUnitInfo [
	name: default
	...]
2020-01-31 15:08:01.871 [ main ] - [ INFO  ] [ org.hibernate.Version : 46 ] - HHH000412: Hibernate Core {5.3.15.Final}
2020-01-31 15:08:01.872 [ main ] - [ INFO  ] [ org.hibernate.cfg.Environment : 213 ] - HHH000206: hibernate.properties not found
2020-01-31 15:08:02.051 [ main ] - [ INFO  ] [ org.hibernate.annotations.common.Version : 49 ] - HCANN000001: Hibernate Commons Annotations {5.0.4.Final}
2020-01-31 15:08:02.200 [ main ] - [ INFO  ] [ org.hibernate.dialect.Dialect : 157 ] - HHH000400: Using dialect: org.hibernate.dialect.H2Dialect
2020-01-31 15:08:02.404 [ main ] - [ INFO  ] [ o.hibernate.tool.schema.internal.SchemaCreatorImpl : 489 ] - HHH000476: Executing import script 'org.hibernate.tool.schema.internal.exec.ScriptSourceInputNonExistentImpl@fd09e43'
2020-01-31 15:08:03.029 [ main ] - [ INFO  ] [ org.apache.coyote.http11.Http11NioProtocol : 173 ] - Starting ProtocolHandler ["http-nio-8080"]
2020-01-31 15:08:03.054 [ main ] - [ INFO  ] [ com.example.demo1.Demo1Application : 59 ] - Started Demo1Application in 5.072 seconds (JVM running for 6.548)
2020-01-31 15:08:03.064 [ main ] - [ INFO  ] [ com.example.demo1.Demo1Application : 35 ] - HikariDataSource (HikariPool-1)
2020-01-31 15:08:03.064 [ main ] - [ INFO  ] [ com.example.demo1.Demo1Application : 37 ] - HikariProxyConnection@844133497 wrapping conn0: url=jdbc:h2:mem:testdb user=SA
2020-01-31 15:08:03.070 [ main ] - [ INFO  ] [ com.example.demo1.Demo1Application : 43 ] - {ID=1, BAR=aaa}
2020-01-31 15:08:03.071 [ main ] - [ INFO  ] [ com.example.demo1.Demo1Application : 43 ] - {ID=2, BAR=bbb}
2020-01-31 15:08:03.590 [ RMI TCP Connection(3)-192.168.133.1 ] - [ INFO  ] [ o.a.c.core.ContainerBase.[Tomcat].[localhost].[/] : 173 ] - Initializing Spring DispatcherServlet 'dispatcherServlet'
2020-01-31 16:07:46.054 [ main ] - [ INFO  ] [ com.example.demo1.Demo1Application : 50 ] - Starting Demo1Application on DING-PC with PID 8632 (F:\MyCode\Agricultural-Big-Data-Basics\02_Spring_Boot\demo1\target\classes started by DING in F:\MyCode\Agricultural-Big-Data-Basics\02_Spring_Boot\demo1)
2020-01-31 16:07:46.058 [ main ] - [ DEBUG ] [ com.example.demo1.Demo1Application : 53 ] - Running with Spring Boot v2.1.12.RELEASE, Spring v5.1.13.RELEASE
2020-01-31 16:07:46.059 [ main ] - [ INFO  ] [ com.example.demo1.Demo1Application : 648 ] - No active profile set, falling back to default profiles: default
2020-01-31 16:08:07.053 [ main ] - [ INFO  ] [ com.example.demo1.Demo1Application : 50 ] - Starting Demo1Application on DING-PC with PID 14016 (F:\MyCode\Agricultural-Big-Data-Basics\02_Spring_Boot\demo1\target\classes started by DING in F:\MyCode\Agricultural-Big-Data-Basics\02_Spring_Boot\demo1)
2020-01-31 16:08:07.055 [ main ] - [ DEBUG ] [ com.example.demo1.Demo1Application : 53 ] - Running with Spring Boot v2.1.12.RELEASE, Spring v5.1.13.RELEASE
2020-01-31 16:08:07.056 [ main ] - [ INFO  ] [ com.example.demo1.Demo1Application : 648 ] - No active profile set, falling back to default profiles: default
2020-01-31 16:08:08.312 [ main ] - [ INFO  ] [ org.apache.coyote.http11.Http11NioProtocol : 173 ] - Initializing ProtocolHandler ["http-nio-8080"]
2020-01-31 16:08:08.320 [ main ] - [ INFO  ] [ org.apache.catalina.core.StandardService : 173 ] - Starting service [Tomcat]
2020-01-31 16:08:08.320 [ main ] - [ INFO  ] [ org.apache.catalina.core.StandardEngine : 173 ] - Starting Servlet engine: [Apache Tomcat/9.0.30]
2020-01-31 16:08:08.515 [ main ] - [ INFO  ] [ o.a.c.core.ContainerBase.[Tomcat].[localhost].[/] : 173 ] - Initializing Spring embedded WebApplicationContext
2020-01-31 16:08:08.724 [ main ] - [ INFO  ] [ com.zaxxer.hikari.HikariDataSource : 110 ] - HikariPool-1 - Starting...
2020-01-31 16:08:08.827 [ main ] - [ INFO  ] [ com.zaxxer.hikari.HikariDataSource : 123 ] - HikariPool-1 - Start completed.
2020-01-31 16:08:09.685 [ main ] - [ INFO  ] [ org.apache.coyote.http11.Http11NioProtocol : 173 ] - Starting ProtocolHandler ["http-nio-8080"]
2020-01-31 16:08:09.708 [ main ] - [ INFO  ] [ com.example.demo1.Demo1Application : 59 ] - Started Demo1Application in 3.145 seconds (JVM running for 4.247)
2020-01-31 16:08:09.717 [ main ] - [ INFO  ] [ com.example.demo1.Demo1Application : 35 ] - HikariDataSource (HikariPool-1)
2020-01-31 16:08:09.717 [ main ] - [ INFO  ] [ com.example.demo1.Demo1Application : 37 ] - HikariProxyConnection@117911771 wrapping conn0: url=jdbc:h2:mem:testdb user=SA
2020-01-31 16:08:09.730 [ main ] - [ INFO  ] [ com.example.demo1.Demo1Application : 43 ] - {ID=1, BAR=aaa}
2020-01-31 16:08:09.730 [ main ] - [ INFO  ] [ com.example.demo1.Demo1Application : 43 ] - {ID=2, BAR=bbb}
2020-01-31 16:08:10.615 [ RMI TCP Connection(3)-192.168.133.1 ] - [ INFO  ] [ o.a.c.core.ContainerBase.[Tomcat].[localhost].[/] : 173 ] - Initializing Spring DispatcherServlet 'dispatcherServlet'
2020-01-31 16:13:00.050 [ main ] - [ INFO  ] [ com.example.demo1.Demo1Application : 50 ] - Starting Demo1Application on DING-PC with PID 11496 (F:\MyCode\Agricultural-Big-Data-Basics\02_Spring_Boot\demo1\target\classes started by DING in F:\MyCode\Agricultural-Big-Data-Basics\02_Spring_Boot\demo1)
2020-01-31 16:13:00.052 [ main ] - [ DEBUG ] [ com.example.demo1.Demo1Application : 53 ] - Running with Spring Boot v2.1.12.RELEASE, Spring v5.1.13.RELEASE
2020-01-31 16:13:00.053 [ main ] - [ INFO  ] [ com.example.demo1.Demo1Application : 648 ] - No active profile set, falling back to default profiles: default
2020-01-31 16:13:01.363 [ main ] - [ INFO  ] [ org.apache.coyote.http11.Http11NioProtocol : 173 ] - Initializing ProtocolHandler ["http-nio-8080"]
2020-01-31 16:13:01.372 [ main ] - [ INFO  ] [ org.apache.catalina.core.StandardService : 173 ] - Starting service [Tomcat]
2020-01-31 16:13:01.372 [ main ] - [ INFO  ] [ org.apache.catalina.core.StandardEngine : 173 ] - Starting Servlet engine: [Apache Tomcat/9.0.30]
2020-01-31 16:13:01.561 [ main ] - [ INFO  ] [ o.a.c.core.ContainerBase.[Tomcat].[localhost].[/] : 173 ] - Initializing Spring embedded WebApplicationContext
2020-01-31 16:13:01.788 [ main ] - [ INFO  ] [ com.zaxxer.hikari.HikariDataSource : 110 ] - HikariPool-1 - Starting...
2020-01-31 16:13:01.884 [ main ] - [ INFO  ] [ com.zaxxer.hikari.HikariDataSource : 123 ] - HikariPool-1 - Start completed.
2020-01-31 16:13:02.560 [ main ] - [ INFO  ] [ org.apache.coyote.http11.Http11NioProtocol : 173 ] - Starting ProtocolHandler ["http-nio-8080"]
2020-01-31 16:13:02.583 [ main ] - [ INFO  ] [ com.example.demo1.Demo1Application : 59 ] - Started Demo1Application in 3.014 seconds (JVM running for 4.128)
2020-01-31 16:13:02.592 [ main ] - [ INFO  ] [ com.example.demo1.Demo1Application : 35 ] - HikariDataSource (HikariPool-1)
2020-01-31 16:13:02.593 [ main ] - [ INFO  ] [ com.example.demo1.Demo1Application : 37 ] - HikariProxyConnection@292890110 wrapping conn0: url=jdbc:h2:mem:testdb user=SA
2020-01-31 16:13:02.605 [ main ] - [ INFO  ] [ com.example.demo1.Demo1Application : 43 ] - {ID=1, BAR=aaa}
2020-01-31 16:13:02.605 [ main ] - [ INFO  ] [ com.example.demo1.Demo1Application : 43 ] - {ID=2, BAR=bbb}
2020-01-31 16:13:03.338 [ RMI TCP Connection(3)-192.168.133.1 ] - [ INFO  ] [ o.a.c.core.ContainerBase.[Tomcat].[localhost].[/] : 173 ] - Initializing Spring DispatcherServlet 'dispatcherServlet'
2020-01-31 16:13:46.587 [ main ] - [ INFO  ] [ com.example.demo1.Demo1Application : 50 ] - Starting Demo1Application on DING-PC with PID 5464 (F:\MyCode\Agricultural-Big-Data-Basics\02_Spring_Boot\demo1\target\classes started by DING in F:\MyCode\Agricultural-Big-Data-Basics\02_Spring_Boot\demo1)
2020-01-31 16:13:46.590 [ main ] - [ DEBUG ] [ com.example.demo1.Demo1Application : 53 ] - Running with Spring Boot v2.1.12.RELEASE, Spring v5.1.13.RELEASE
2020-01-31 16:13:46.591 [ main ] - [ INFO  ] [ com.example.demo1.Demo1Application : 648 ] - No active profile set, falling back to default profiles: default
2020-01-31 16:13:47.899 [ main ] - [ INFO  ] [ org.apache.coyote.http11.Http11NioProtocol : 173 ] - Initializing ProtocolHandler ["http-nio-8080"]
2020-01-31 16:13:47.906 [ main ] - [ INFO  ] [ org.apache.catalina.core.StandardService : 173 ] - Starting service [Tomcat]
2020-01-31 16:13:47.907 [ main ] - [ INFO  ] [ org.apache.catalina.core.StandardEngine : 173 ] - Starting Servlet engine: [Apache Tomcat/9.0.30]
2020-01-31 16:13:48.089 [ main ] - [ INFO  ] [ o.a.c.core.ContainerBase.[Tomcat].[localhost].[/] : 173 ] - Initializing Spring embedded WebApplicationContext
2020-01-31 16:13:48.282 [ main ] - [ INFO  ] [ com.zaxxer.hikari.HikariDataSource : 110 ] - HikariPool-1 - Starting...
2020-01-31 16:13:48.378 [ main ] - [ INFO  ] [ com.zaxxer.hikari.HikariDataSource : 123 ] - HikariPool-1 - Start completed.
2020-01-31 16:13:49.069 [ main ] - [ INFO  ] [ org.apache.coyote.http11.Http11NioProtocol : 173 ] - Starting ProtocolHandler ["http-nio-8080"]
2020-01-31 16:13:49.093 [ main ] - [ INFO  ] [ com.example.demo1.Demo1Application : 59 ] - Started Demo1Application in 2.984 seconds (JVM running for 4.025)
2020-01-31 16:13:49.101 [ main ] - [ INFO  ] [ com.example.demo1.Demo1Application : 35 ] - HikariDataSource (HikariPool-1)
2020-01-31 16:13:49.102 [ main ] - [ INFO  ] [ com.example.demo1.Demo1Application : 37 ] - HikariProxyConnection@337816703 wrapping conn0: url=jdbc:h2:mem:testdb user=SA
2020-01-31 16:13:49.115 [ main ] - [ INFO  ] [ com.example.demo1.Demo1Application : 43 ] - {ID=1, BAR=aaa}
2020-01-31 16:13:49.116 [ main ] - [ INFO  ] [ com.example.demo1.Demo1Application : 43 ] - {ID=2, BAR=bbb}
2020-01-31 16:13:49.862 [ RMI TCP Connection(1)-192.168.133.1 ] - [ INFO  ] [ o.a.c.core.ContainerBase.[Tomcat].[localhost].[/] : 173 ] - Initializing Spring DispatcherServlet 'dispatcherServlet'
2020-01-31 17:15:49.675 [ main ] - [ INFO  ] [ com.example.demo1.Demo1Application : 50 ] - Starting Demo1Application on DING-PC with PID 13432 (F:\MyCode\Agricultural-Big-Data-Basics\02_Spring_Boot\demo1\target\classes started by DING in F:\MyCode\Agricultural-Big-Data-Basics\02_Spring_Boot\demo1)
2020-01-31 17:15:49.679 [ main ] - [ DEBUG ] [ com.example.demo1.Demo1Application : 53 ] - Running with Spring Boot v2.1.12.RELEASE, Spring v5.1.13.RELEASE
2020-01-31 17:15:49.680 [ main ] - [ INFO  ] [ com.example.demo1.Demo1Application : 648 ] - No active profile set, falling back to default profiles: default
2020-01-31 17:15:51.052 [ main ] - [ INFO  ] [ org.apache.coyote.http11.Http11NioProtocol : 173 ] - Initializing ProtocolHandler ["http-nio-8080"]
2020-01-31 17:15:51.061 [ main ] - [ INFO  ] [ org.apache.catalina.core.StandardService : 173 ] - Starting service [Tomcat]
2020-01-31 17:15:51.061 [ main ] - [ INFO  ] [ org.apache.catalina.core.StandardEngine : 173 ] - Starting Servlet engine: [Apache Tomcat/9.0.30]
2020-01-31 17:15:51.246 [ main ] - [ INFO  ] [ o.a.c.core.ContainerBase.[Tomcat].[localhost].[/] : 173 ] - Initializing Spring embedded WebApplicationContext
2020-01-31 17:15:51.411 [ main ] - [ INFO  ] [ c.a.d.s.b.a.DruidDataSourceAutoConfigure : 56 ] - Init DruidDataSource
2020-01-31 17:15:51.514 [ main ] - [ INFO  ] [ org.apache.catalina.core.StandardService : 173 ] - Stopping service [Tomcat]
2020-01-31 21:22:57.593 [ main ] - [ INFO  ] [ com.example.demo1.Demo1Application : 50 ] - Starting Demo1Application on DING-PC with PID 18088 (F:\MyCode\Agricultural-Big-Data-Basics\02_Spring_Boot\demo1\target\classes started by DING in F:\MyCode\Agricultural-Big-Data-Basics\02_Spring_Boot\demo1)
2020-01-31 21:22:57.597 [ main ] - [ DEBUG ] [ com.example.demo1.Demo1Application : 53 ] - Running with Spring Boot v2.1.12.RELEASE, Spring v5.1.13.RELEASE
2020-01-31 21:22:57.598 [ main ] - [ INFO  ] [ com.example.demo1.Demo1Application : 648 ] - No active profile set, falling back to default profiles: default
2020-01-31 21:22:59.006 [ main ] - [ INFO  ] [ org.apache.coyote.http11.Http11NioProtocol : 173 ] - Initializing ProtocolHandler ["http-nio-8080"]
2020-01-31 21:22:59.014 [ main ] - [ INFO  ] [ org.apache.catalina.core.StandardService : 173 ] - Starting service [Tomcat]
2020-01-31 21:22:59.015 [ main ] - [ INFO  ] [ org.apache.catalina.core.StandardEngine : 173 ] - Starting Servlet engine: [Apache Tomcat/9.0.30]
2020-01-31 21:22:59.197 [ main ] - [ INFO  ] [ o.a.c.core.ContainerBase.[Tomcat].[localhost].[/] : 173 ] - Initializing Spring embedded WebApplicationContext
2020-01-31 21:22:59.393 [ main ] - [ INFO  ] [ c.a.d.s.b.a.DruidDataSourceAutoConfigure : 56 ] - Init DruidDataSource
2020-01-31 21:22:59.776 [ main ] - [ INFO  ] [ com.alibaba.druid.pool.DruidDataSource : 930 ] - {dataSource-1} inited
2020-01-31 21:23:00.400 [ main ] - [ INFO  ] [ org.apache.coyote.http11.Http11NioProtocol : 173 ] - Starting ProtocolHandler ["http-nio-8080"]
2020-01-31 21:23:00.424 [ main ] - [ INFO  ] [ com.example.demo1.Demo1Application : 59 ] - Started Demo1Application in 3.396 seconds (JVM running for 4.65)
2020-01-31 21:23:00.434 [ main ] - [ INFO  ] [ com.example.demo1.Demo1Application : 36 ] - {
	CreateTime:"2020-01-31 21:22:59",
	ActiveCount:0,
	PoolingCount:5,
	CreateCount:5,
	DestroyCount:0,
	CloseCount:4,
	ConnectCount:4,
	Connections:[
		{ID:2050360660, ConnectTime:"2020-01-31 21:22:59", UseCount:0, LastActiveTime:"2020-01-31 21:22:59"},
		{ID:1112400678, ConnectTime:"2020-01-31 21:22:59", UseCount:0, LastActiveTime:"2020-01-31 21:22:59"},
		{ID:1271084832, ConnectTime:"2020-01-31 21:22:59", UseCount:0, LastActiveTime:"2020-01-31 21:22:59"},
		{ID:768669591, ConnectTime:"2020-01-31 21:22:59", UseCount:0, LastActiveTime:"2020-01-31 21:22:59"},
		{ID:1728465884, ConnectTime:"2020-01-31 21:22:59", UseCount:4, LastActiveTime:"2020-01-31 21:22:59"}
	]
}
2020-01-31 21:23:00.435 [ main ] - [ INFO  ] [ com.example.demo1.Demo1Application : 38 ] - com.alibaba.druid.proxy.jdbc.ConnectionProxyImpl@67064bdc
2020-01-31 21:23:00.441 [ main ] - [ INFO  ] [ com.example.demo1.Demo1Application : 44 ] - {ID=1, BAR=aaa}
2020-01-31 21:23:00.442 [ main ] - [ INFO  ] [ com.example.demo1.Demo1Application : 44 ] - {ID=2, BAR=bbb}
2020-01-31 21:23:01.100 [ RMI TCP Connection(2)-192.168.133.1 ] - [ INFO  ] [ o.a.c.core.ContainerBase.[Tomcat].[localhost].[/] : 173 ] - Initializing Spring DispatcherServlet 'dispatcherServlet'
2020-01-31 21:23:04.226 [ http-nio-8080-exec-1 ] - [ ERROR ] [ com.alibaba.druid.support.http.ResourceServlet : 97 ] - initParameter config error, allow : true
java.lang.IllegalArgumentException: Invalid IP Address [true]
	at com.alibaba.druid.support.http.util.IPAddress.parseIPAddress(IPAddress.java:150)
	at com.alibaba.druid.support.http.util.IPAddress.<init>(IPAddress.java:30)
	at com.alibaba.druid.support.http.util.IPRange.parseRange(IPRange.java:100)
	at com.alibaba.druid.support.http.util.IPRange.<init>(IPRange.java:41)
	at com.alibaba.druid.support.http.ResourceServlet.initAuthEnv(ResourceServlet.java:91)
	at com.alibaba.druid.support.http.ResourceServlet.init(ResourceServlet.java:61)
	at com.alibaba.druid.support.http.StatViewServlet.init(StatViewServlet.java:65)
	at javax.servlet.GenericServlet.init(GenericServlet.java:158)
	at org.apache.catalina.core.StandardWrapper.initServlet(StandardWrapper.java:1134)
	at org.apache.catalina.core.StandardWrapper.allocate(StandardWrapper.java:777)
	at org.apache.catalina.core.StandardWrapperValve.invoke(StandardWrapperValve.java:135)
	at org.apache.catalina.core.StandardContextValve.invoke(StandardContextValve.java:96)
	at org.apache.catalina.authenticator.AuthenticatorBase.invoke(AuthenticatorBase.java:541)
	at org.apache.catalina.core.StandardHostValve.invoke(StandardHostValve.java:139)
	at org.apache.catalina.valves.ErrorReportValve.invoke(ErrorReportValve.java:92)
	at org.apache.catalina.core.StandardEngineValve.invoke(StandardEngineValve.java:74)
	at org.apache.catalina.connector.CoyoteAdapter.service(CoyoteAdapter.java:343)
	at org.apache.coyote.http11.Http11Processor.service(Http11Processor.java:367)
	at org.apache.coyote.AbstractProcessorLight.process(AbstractProcessorLight.java:65)
	at org.apache.coyote.AbstractProtocol$ConnectionHandler.process(AbstractProtocol.java:860)
	at org.apache.tomcat.util.net.NioEndpoint$SocketProcessor.doRun(NioEndpoint.java:1598)
	at org.apache.tomcat.util.net.SocketProcessorBase.run(SocketProcessorBase.java:49)
	at java.util.concurrent.ThreadPoolExecutor.runWorker(ThreadPoolExecutor.java:1149)
	at java.util.concurrent.ThreadPoolExecutor$Worker.run(ThreadPoolExecutor.java:624)
	at org.apache.tomcat.util.threads.TaskThread$WrappingRunnable.run(TaskThread.java:61)
	at java.lang.Thread.run(Thread.java:748)
2020-01-31 21:25:46.054 [ main ] - [ INFO  ] [ com.example.demo1.Demo1Application : 50 ] - Starting Demo1Application on DING-PC with PID 12756 (F:\MyCode\Agricultural-Big-Data-Basics\02_Spring_Boot\demo1\target\classes started by DING in F:\MyCode\Agricultural-Big-Data-Basics\02_Spring_Boot\demo1)
2020-01-31 21:25:46.058 [ main ] - [ DEBUG ] [ com.example.demo1.Demo1Application : 53 ] - Running with Spring Boot v2.1.12.RELEASE, Spring v5.1.13.RELEASE
2020-01-31 21:25:46.059 [ main ] - [ INFO  ] [ com.example.demo1.Demo1Application : 648 ] - No active profile set, falling back to default profiles: default
2020-01-31 21:25:47.398 [ main ] - [ INFO  ] [ org.apache.coyote.http11.Http11NioProtocol : 173 ] - Initializing ProtocolHandler ["http-nio-8080"]
2020-01-31 21:25:47.405 [ main ] - [ INFO  ] [ org.apache.catalina.core.StandardService : 173 ] - Starting service [Tomcat]
2020-01-31 21:25:47.406 [ main ] - [ INFO  ] [ org.apache.catalina.core.StandardEngine : 173 ] - Starting Servlet engine: [Apache Tomcat/9.0.30]
2020-01-31 21:25:47.590 [ main ] - [ INFO  ] [ o.a.c.core.ContainerBase.[Tomcat].[localhost].[/] : 173 ] - Initializing Spring embedded WebApplicationContext
2020-01-31 21:25:47.821 [ main ] - [ INFO  ] [ c.a.d.s.b.a.DruidDataSourceAutoConfigure : 56 ] - Init DruidDataSource
2020-01-31 21:25:48.235 [ main ] - [ INFO  ] [ com.alibaba.druid.pool.DruidDataSource : 930 ] - {dataSource-1} inited
2020-01-31 21:25:48.889 [ main ] - [ INFO  ] [ org.apache.coyote.http11.Http11NioProtocol : 173 ] - Starting ProtocolHandler ["http-nio-8080"]
2020-01-31 21:25:48.912 [ main ] - [ INFO  ] [ com.example.demo1.Demo1Application : 59 ] - Started Demo1Application in 3.436 seconds (JVM running for 4.507)
2020-01-31 21:25:48.922 [ main ] - [ INFO  ] [ com.example.demo1.Demo1Application : 36 ] - {
	CreateTime:"2020-01-31 21:25:47",
	ActiveCount:0,
	PoolingCount:5,
	CreateCount:5,
	DestroyCount:0,
	CloseCount:4,
	ConnectCount:4,
	Connections:[
		{ID:1986001684, ConnectTime:"2020-01-31 21:25:48", UseCount:0, LastActiveTime:"2020-01-31 21:25:48"},
		{ID:1465263219, ConnectTime:"2020-01-31 21:25:48", UseCount:0, LastActiveTime:"2020-01-31 21:25:48"},
		{ID:2050360660, ConnectTime:"2020-01-31 21:25:48", UseCount:0, LastActiveTime:"2020-01-31 21:25:48"},
		{ID:1112400678, ConnectTime:"2020-01-31 21:25:48", UseCount:0, LastActiveTime:"2020-01-31 21:25:48"},
		{ID:1271084832, ConnectTime:"2020-01-31 21:25:48", UseCount:4, LastActiveTime:"2020-01-31 21:25:48"}
	]
}
2020-01-31 21:25:48.923 [ main ] - [ INFO  ] [ com.example.demo1.Demo1Application : 38 ] - com.alibaba.druid.proxy.jdbc.ConnectionProxyImpl@4bc33720
2020-01-31 21:25:48.929 [ main ] - [ INFO  ] [ com.example.demo1.Demo1Application : 44 ] - {ID=1, BAR=aaa}
2020-01-31 21:25:48.929 [ main ] - [ INFO  ] [ com.example.demo1.Demo1Application : 44 ] - {ID=2, BAR=bbb}
2020-01-31 21:25:49.165 [ RMI TCP Connection(1)-192.168.133.1 ] - [ INFO  ] [ o.a.c.core.ContainerBase.[Tomcat].[localhost].[/] : 173 ] - Initializing Spring DispatcherServlet 'dispatcherServlet'
2020-01-31 21:25:49.254 [ http-nio-8080-exec-1 ] - [ ERROR ] [ com.alibaba.druid.support.http.ResourceServlet : 97 ] - initParameter config error, allow : true
java.lang.IllegalArgumentException: Invalid IP Address [true]
	at com.alibaba.druid.support.http.util.IPAddress.parseIPAddress(IPAddress.java:150)
	at com.alibaba.druid.support.http.util.IPAddress.<init>(IPAddress.java:30)
	at com.alibaba.druid.support.http.util.IPRange.parseRange(IPRange.java:100)
	at com.alibaba.druid.support.http.util.IPRange.<init>(IPRange.java:41)
	at com.alibaba.druid.support.http.ResourceServlet.initAuthEnv(ResourceServlet.java:91)
	at com.alibaba.druid.support.http.ResourceServlet.init(ResourceServlet.java:61)
	at com.alibaba.druid.support.http.StatViewServlet.init(StatViewServlet.java:65)
	at javax.servlet.GenericServlet.init(GenericServlet.java:158)
	at org.apache.catalina.core.StandardWrapper.initServlet(StandardWrapper.java:1134)
	at org.apache.catalina.core.StandardWrapper.allocate(StandardWrapper.java:777)
	at org.apache.catalina.core.StandardWrapperValve.invoke(StandardWrapperValve.java:135)
	at org.apache.catalina.core.StandardContextValve.invoke(StandardContextValve.java:96)
	at org.apache.catalina.authenticator.AuthenticatorBase.invoke(AuthenticatorBase.java:541)
	at org.apache.catalina.core.StandardHostValve.invoke(StandardHostValve.java:139)
	at org.apache.catalina.valves.ErrorReportValve.invoke(ErrorReportValve.java:92)
	at org.apache.catalina.core.StandardEngineValve.invoke(StandardEngineValve.java:74)
	at org.apache.catalina.connector.CoyoteAdapter.service(CoyoteAdapter.java:343)
	at org.apache.coyote.http11.Http11Processor.service(Http11Processor.java:367)
	at org.apache.coyote.AbstractProcessorLight.process(AbstractProcessorLight.java:65)
	at org.apache.coyote.AbstractProtocol$ConnectionHandler.process(AbstractProtocol.java:860)
	at org.apache.tomcat.util.net.NioEndpoint$SocketProcessor.doRun(NioEndpoint.java:1598)
	at org.apache.tomcat.util.net.SocketProcessorBase.run(SocketProcessorBase.java:49)
	at java.util.concurrent.ThreadPoolExecutor.runWorker(ThreadPoolExecutor.java:1149)
	at java.util.concurrent.ThreadPoolExecutor$Worker.run(ThreadPoolExecutor.java:624)
	at org.apache.tomcat.util.threads.TaskThread$WrappingRunnable.run(TaskThread.java:61)
	at java.lang.Thread.run(Thread.java:748)
2020-01-31 21:26:36.174 [ main ] - [ INFO  ] [ com.example.demo1.Demo1Application : 50 ] - Starting Demo1Application on DING-PC with PID 20160 (F:\MyCode\Agricultural-Big-Data-Basics\02_Spring_Boot\demo1\target\classes started by DING in F:\MyCode\Agricultural-Big-Data-Basics\02_Spring_Boot\demo1)
2020-01-31 21:26:36.177 [ main ] - [ DEBUG ] [ com.example.demo1.Demo1Application : 53 ] - Running with Spring Boot v2.1.12.RELEASE, Spring v5.1.13.RELEASE
2020-01-31 21:26:36.178 [ main ] - [ INFO  ] [ com.example.demo1.Demo1Application : 648 ] - No active profile set, falling back to default profiles: default
2020-01-31 21:26:37.460 [ main ] - [ INFO  ] [ org.apache.coyote.http11.Http11NioProtocol : 173 ] - Initializing ProtocolHandler ["http-nio-8080"]
2020-01-31 21:26:37.468 [ main ] - [ INFO  ] [ org.apache.catalina.core.StandardService : 173 ] - Starting service [Tomcat]
2020-01-31 21:26:37.468 [ main ] - [ INFO  ] [ org.apache.catalina.core.StandardEngine : 173 ] - Starting Servlet engine: [Apache Tomcat/9.0.30]
2020-01-31 21:26:37.639 [ main ] - [ INFO  ] [ o.a.c.core.ContainerBase.[Tomcat].[localhost].[/] : 173 ] - Initializing Spring embedded WebApplicationContext
2020-01-31 21:26:37.818 [ main ] - [ INFO  ] [ c.a.d.s.b.a.DruidDataSourceAutoConfigure : 56 ] - Init DruidDataSource
2020-01-31 21:26:38.198 [ main ] - [ INFO  ] [ com.alibaba.druid.pool.DruidDataSource : 930 ] - {dataSource-1} inited
2020-01-31 21:26:38.817 [ main ] - [ INFO  ] [ org.apache.coyote.http11.Http11NioProtocol : 173 ] - Starting ProtocolHandler ["http-nio-8080"]
2020-01-31 21:26:38.840 [ main ] - [ INFO  ] [ com.example.demo1.Demo1Application : 59 ] - Started Demo1Application in 3.225 seconds (JVM running for 4.241)
2020-01-31 21:26:38.849 [ main ] - [ INFO  ] [ com.example.demo1.Demo1Application : 36 ] - {
	CreateTime:"2020-01-31 21:26:37",
	ActiveCount:0,
	PoolingCount:5,
	CreateCount:5,
	DestroyCount:0,
	CloseCount:4,
	ConnectCount:4,
	Connections:[
		{ID:1277882374, ConnectTime:"2020-01-31 21:26:38", UseCount:0, LastActiveTime:"2020-01-31 21:26:38"},
		{ID:1141059550, ConnectTime:"2020-01-31 21:26:38", UseCount:0, LastActiveTime:"2020-01-31 21:26:38"},
		{ID:2070372626, ConnectTime:"2020-01-31 21:26:38", UseCount:0, LastActiveTime:"2020-01-31 21:26:38"},
		{ID:1433976386, ConnectTime:"2020-01-31 21:26:38", UseCount:0, LastActiveTime:"2020-01-31 21:26:38"},
		{ID:1313459755, ConnectTime:"2020-01-31 21:26:38", UseCount:4, LastActiveTime:"2020-01-31 21:26:38"}
	]
}
2020-01-31 21:26:38.850 [ main ] - [ INFO  ] [ com.example.demo1.Demo1Application : 38 ] - com.alibaba.druid.proxy.jdbc.ConnectionProxyImpl@4e49ce2b
2020-01-31 21:26:38.856 [ main ] - [ INFO  ] [ com.example.demo1.Demo1Application : 44 ] - {ID=1, BAR=aaa}
2020-01-31 21:26:38.856 [ main ] - [ INFO  ] [ com.example.demo1.Demo1Application : 44 ] - {ID=2, BAR=bbb}
2020-01-31 21:26:39.236 [ http-nio-8080-exec-1 ] - [ ERROR ] [ com.alibaba.druid.support.http.ResourceServlet : 97 ] - initParameter config error, allow : true
java.lang.IllegalArgumentException: Invalid IP Address [true]
	at com.alibaba.druid.support.http.util.IPAddress.parseIPAddress(IPAddress.java:150)
	at com.alibaba.druid.support.http.util.IPAddress.<init>(IPAddress.java:30)
	at com.alibaba.druid.support.http.util.IPRange.parseRange(IPRange.java:100)
	at com.alibaba.druid.support.http.util.IPRange.<init>(IPRange.java:41)
	at com.alibaba.druid.support.http.ResourceServlet.initAuthEnv(ResourceServlet.java:91)
	at com.alibaba.druid.support.http.ResourceServlet.init(ResourceServlet.java:61)
	at com.alibaba.druid.support.http.StatViewServlet.init(StatViewServlet.java:65)
	at javax.servlet.GenericServlet.init(GenericServlet.java:158)
	at org.apache.catalina.core.StandardWrapper.initServlet(StandardWrapper.java:1134)
	at org.apache.catalina.core.StandardWrapper.allocate(StandardWrapper.java:777)
	at org.apache.catalina.core.StandardWrapperValve.invoke(StandardWrapperValve.java:135)
	at org.apache.catalina.core.StandardContextValve.invoke(StandardContextValve.java:96)
	at org.apache.catalina.authenticator.AuthenticatorBase.invoke(AuthenticatorBase.java:541)
	at org.apache.catalina.core.StandardHostValve.invoke(StandardHostValve.java:139)
	at org.apache.catalina.valves.ErrorReportValve.invoke(ErrorReportValve.java:92)
	at org.apache.catalina.core.StandardEngineValve.invoke(StandardEngineValve.java:74)
	at org.apache.catalina.connector.CoyoteAdapter.service(CoyoteAdapter.java:343)
	at org.apache.coyote.http11.Http11Processor.service(Http11Processor.java:367)
	at org.apache.coyote.AbstractProcessorLight.process(AbstractProcessorLight.java:65)
	at org.apache.coyote.AbstractProtocol$ConnectionHandler.process(AbstractProtocol.java:860)
	at org.apache.tomcat.util.net.NioEndpoint$SocketProcessor.doRun(NioEndpoint.java:1598)
	at org.apache.tomcat.util.net.SocketProcessorBase.run(SocketProcessorBase.java:49)
	at java.util.concurrent.ThreadPoolExecutor.runWorker(ThreadPoolExecutor.java:1149)
	at java.util.concurrent.ThreadPoolExecutor$Worker.run(ThreadPoolExecutor.java:624)
	at org.apache.tomcat.util.threads.TaskThread$WrappingRunnable.run(TaskThread.java:61)
	at java.lang.Thread.run(Thread.java:748)
2020-01-31 21:26:39.417 [ RMI TCP Connection(2)-192.168.133.1 ] - [ INFO  ] [ o.a.c.core.ContainerBase.[Tomcat].[localhost].[/] : 173 ] - Initializing Spring DispatcherServlet 'dispatcherServlet'
2020-01-31 21:26:57.350 [ main ] - [ INFO  ] [ com.example.demo1.Demo1Application : 50 ] - Starting Demo1Application on DING-PC with PID 19192 (F:\MyCode\Agricultural-Big-Data-Basics\02_Spring_Boot\demo1\target\classes started by DING in F:\MyCode\Agricultural-Big-Data-Basics\02_Spring_Boot\demo1)
2020-01-31 21:26:57.353 [ main ] - [ DEBUG ] [ com.example.demo1.Demo1Application : 53 ] - Running with Spring Boot v2.1.12.RELEASE, Spring v5.1.13.RELEASE
2020-01-31 21:26:57.354 [ main ] - [ INFO  ] [ com.example.demo1.Demo1Application : 648 ] - No active profile set, falling back to default profiles: default
2020-01-31 21:26:58.748 [ main ] - [ INFO  ] [ org.apache.coyote.http11.Http11NioProtocol : 173 ] - Initializing ProtocolHandler ["http-nio-8080"]
2020-01-31 21:26:58.755 [ main ] - [ INFO  ] [ org.apache.catalina.core.StandardService : 173 ] - Starting service [Tomcat]
2020-01-31 21:26:58.756 [ main ] - [ INFO  ] [ org.apache.catalina.core.StandardEngine : 173 ] - Starting Servlet engine: [Apache Tomcat/9.0.30]
2020-01-31 21:26:58.928 [ main ] - [ INFO  ] [ o.a.c.core.ContainerBase.[Tomcat].[localhost].[/] : 173 ] - Initializing Spring embedded WebApplicationContext
2020-01-31 21:26:59.105 [ main ] - [ INFO  ] [ c.a.d.s.b.a.DruidDataSourceAutoConfigure : 56 ] - Init DruidDataSource
2020-01-31 21:26:59.473 [ main ] - [ INFO  ] [ com.alibaba.druid.pool.DruidDataSource : 930 ] - {dataSource-1} inited
2020-01-31 21:27:00.094 [ main ] - [ INFO  ] [ org.apache.coyote.http11.Http11NioProtocol : 173 ] - Starting ProtocolHandler ["http-nio-8080"]
2020-01-31 21:27:00.118 [ main ] - [ INFO  ] [ com.example.demo1.Demo1Application : 59 ] - Started Demo1Application in 3.241 seconds (JVM running for 4.222)
2020-01-31 21:27:00.127 [ main ] - [ INFO  ] [ com.example.demo1.Demo1Application : 36 ] - {
	CreateTime:"2020-01-31 21:26:59",
	ActiveCount:0,
	PoolingCount:5,
	CreateCount:5,
	DestroyCount:0,
	CloseCount:4,
	ConnectCount:4,
	Connections:[
		{ID:594783641, ConnectTime:"2020-01-31 21:26:59", UseCount:0, LastActiveTime:"2020-01-31 21:26:59"},
		{ID:862146308, ConnectTime:"2020-01-31 21:26:59", UseCount:0, LastActiveTime:"2020-01-31 21:26:59"},
		{ID:1234435772, ConnectTime:"2020-01-31 21:26:59", UseCount:0, LastActiveTime:"2020-01-31 21:26:59"},
		{ID:1979825302, ConnectTime:"2020-01-31 21:26:59", UseCount:0, LastActiveTime:"2020-01-31 21:26:59"},
		{ID:1218496682, ConnectTime:"2020-01-31 21:26:59", UseCount:4, LastActiveTime:"2020-01-31 21:26:59"}
	]
}
2020-01-31 21:27:00.128 [ main ] - [ INFO  ] [ com.example.demo1.Demo1Application : 38 ] - com.alibaba.druid.proxy.jdbc.ConnectionProxyImpl@48a0c8aa
2020-01-31 21:27:00.134 [ main ] - [ INFO  ] [ com.example.demo1.Demo1Application : 44 ] - {ID=1, BAR=aaa}
2020-01-31 21:27:00.134 [ main ] - [ INFO  ] [ com.example.demo1.Demo1Application : 44 ] - {ID=2, BAR=bbb}
2020-01-31 21:27:00.247 [ http-nio-8080-exec-1 ] - [ ERROR ] [ com.alibaba.druid.support.http.ResourceServlet : 97 ] - initParameter config error, allow : true
java.lang.IllegalArgumentException: Invalid IP Address [true]
	at com.alibaba.druid.support.http.util.IPAddress.parseIPAddress(IPAddress.java:150)
	at com.alibaba.druid.support.http.util.IPAddress.<init>(IPAddress.java:30)
	at com.alibaba.druid.support.http.util.IPRange.parseRange(IPRange.java:100)
	at com.alibaba.druid.support.http.util.IPRange.<init>(IPRange.java:41)
	at com.alibaba.druid.support.http.ResourceServlet.initAuthEnv(ResourceServlet.java:91)
	at com.alibaba.druid.support.http.ResourceServlet.init(ResourceServlet.java:61)
	at com.alibaba.druid.support.http.StatViewServlet.init(StatViewServlet.java:65)
	at javax.servlet.GenericServlet.init(GenericServlet.java:158)
	at org.apache.catalina.core.StandardWrapper.initServlet(StandardWrapper.java:1134)
	at org.apache.catalina.core.StandardWrapper.allocate(StandardWrapper.java:777)
	at org.apache.catalina.core.StandardWrapperValve.invoke(StandardWrapperValve.java:135)
	at org.apache.catalina.core.StandardContextValve.invoke(StandardContextValve.java:96)
	at org.apache.catalina.authenticator.AuthenticatorBase.invoke(AuthenticatorBase.java:541)
	at org.apache.catalina.core.StandardHostValve.invoke(StandardHostValve.java:139)
	at org.apache.catalina.valves.ErrorReportValve.invoke(ErrorReportValve.java:92)
	at org.apache.catalina.core.StandardEngineValve.invoke(StandardEngineValve.java:74)
	at org.apache.catalina.connector.CoyoteAdapter.service(CoyoteAdapter.java:343)
	at org.apache.coyote.http11.Http11Processor.service(Http11Processor.java:367)
	at org.apache.coyote.AbstractProcessorLight.process(AbstractProcessorLight.java:65)
	at org.apache.coyote.AbstractProtocol$ConnectionHandler.process(AbstractProtocol.java:860)
	at org.apache.tomcat.util.net.NioEndpoint$SocketProcessor.doRun(NioEndpoint.java:1598)
	at org.apache.tomcat.util.net.SocketProcessorBase.run(SocketProcessorBase.java:49)
	at java.util.concurrent.ThreadPoolExecutor.runWorker(ThreadPoolExecutor.java:1149)
	at java.util.concurrent.ThreadPoolExecutor$Worker.run(ThreadPoolExecutor.java:624)
	at org.apache.tomcat.util.threads.TaskThread$WrappingRunnable.run(TaskThread.java:61)
	at java.lang.Thread.run(Thread.java:748)
2020-01-31 21:27:00.420 [ RMI TCP Connection(1)-192.168.133.1 ] - [ INFO  ] [ o.a.c.core.ContainerBase.[Tomcat].[localhost].[/] : 173 ] - Initializing Spring DispatcherServlet 'dispatcherServlet'
2020-01-31 21:46:15.534 [ main ] - [ INFO  ] [ com.example.demo1.Demo1Application : 50 ] - Starting Demo1Application on DING-PC with PID 13632 (F:\MyCode\Agricultural-Big-Data-Basics\02_Spring_Boot\demo1\target\classes started by DING in F:\MyCode\Agricultural-Big-Data-Basics\02_Spring_Boot\demo1)
2020-01-31 21:46:15.537 [ main ] - [ DEBUG ] [ com.example.demo1.Demo1Application : 53 ] - Running with Spring Boot v2.1.12.RELEASE, Spring v5.1.13.RELEASE
2020-01-31 21:46:15.538 [ main ] - [ INFO  ] [ com.example.demo1.Demo1Application : 648 ] - No active profile set, falling back to default profiles: default
2020-01-31 21:46:16.810 [ main ] - [ INFO  ] [ org.apache.coyote.http11.Http11NioProtocol : 173 ] - Initializing ProtocolHandler ["http-nio-8080"]
2020-01-31 21:46:16.817 [ main ] - [ INFO  ] [ org.apache.catalina.core.StandardService : 173 ] - Starting service [Tomcat]
2020-01-31 21:46:16.818 [ main ] - [ INFO  ] [ org.apache.catalina.core.StandardEngine : 173 ] - Starting Servlet engine: [Apache Tomcat/9.0.30]
2020-01-31 21:46:16.991 [ main ] - [ INFO  ] [ o.a.c.core.ContainerBase.[Tomcat].[localhost].[/] : 173 ] - Initializing Spring embedded WebApplicationContext
2020-01-31 21:46:17.174 [ main ] - [ INFO  ] [ c.a.d.s.b.a.DruidDataSourceAutoConfigure : 56 ] - Init DruidDataSource
2020-01-31 21:46:17.576 [ main ] - [ INFO  ] [ com.alibaba.druid.pool.DruidDataSource : 930 ] - {dataSource-1} inited
2020-01-31 21:46:18.209 [ main ] - [ INFO  ] [ org.apache.coyote.http11.Http11NioProtocol : 173 ] - Starting ProtocolHandler ["http-nio-8080"]
2020-01-31 21:46:18.233 [ main ] - [ INFO  ] [ com.example.demo1.Demo1Application : 59 ] - Started Demo1Application in 3.206 seconds (JVM running for 4.321)
2020-01-31 21:46:18.243 [ main ] - [ INFO  ] [ com.example.demo1.Demo1Application : 36 ] - {
	CreateTime:"2020-01-31 21:46:17",
	ActiveCount:0,
	PoolingCount:5,
	CreateCount:5,
	DestroyCount:0,
	CloseCount:4,
	ConnectCount:4,
	Connections:[
		{ID:102185114, ConnectTime:"2020-01-31 21:46:17", UseCount:0, LastActiveTime:"2020-01-31 21:46:17"},
		{ID:479160976, ConnectTime:"2020-01-31 21:46:17", UseCount:0, LastActiveTime:"2020-01-31 21:46:17"},
		{ID:810593327, ConnectTime:"2020-01-31 21:46:17", UseCount:0, LastActiveTime:"2020-01-31 21:46:17"},
		{ID:643552582, ConnectTime:"2020-01-31 21:46:17", UseCount:0, LastActiveTime:"2020-01-31 21:46:17"},
		{ID:423095039, ConnectTime:"2020-01-31 21:46:17", UseCount:4, LastActiveTime:"2020-01-31 21:46:17"}
	]
}
2020-01-31 21:46:18.244 [ main ] - [ INFO  ] [ com.example.demo1.Demo1Application : 38 ] - com.alibaba.druid.proxy.jdbc.ConnectionProxyImpl@1937eaff
2020-01-31 21:46:18.250 [ main ] - [ INFO  ] [ com.example.demo1.Demo1Application : 44 ] - {ID=1, BAR=aaa}
2020-01-31 21:46:18.250 [ main ] - [ INFO  ] [ com.example.demo1.Demo1Application : 44 ] - {ID=2, BAR=bbb}
2020-01-31 21:46:18.562 [ RMI TCP Connection(1)-192.168.133.1 ] - [ INFO  ] [ o.a.c.core.ContainerBase.[Tomcat].[localhost].[/] : 173 ] - Initializing Spring DispatcherServlet 'dispatcherServlet'
