[lf-1][SERVER_NAME_IS_UNDEFINED][2020-01-31 21:23:04.226][ERROR][http-nio-8080-exec-1][ResourceServlet.java:97] - initParameter config error, allow : true
java.lang.IllegalArgumentException: Invalid IP Address [true]
	at com.alibaba.druid.support.http.util.IPAddress.parseIPAddress(IPAddress.java:150)
	at com.alibaba.druid.support.http.util.IPAddress.<init>(IPAddress.java:30)
	at com.alibaba.druid.support.http.util.IPRange.parseRange(IPRange.java:100)
	at com.alibaba.druid.support.http.util.IPRange.<init>(IPRange.java:41)
	at com.alibaba.druid.support.http.ResourceServlet.initAuthEnv(ResourceServlet.java:91)
	at com.alibaba.druid.support.http.ResourceServlet.init(ResourceServlet.java:61)
	at com.alibaba.druid.support.http.StatViewServlet.init(StatViewServlet.java:65)
	at javax.servlet.GenericServlet.init(GenericServlet.java:158)
	at org.apache.catalina.core.StandardWrapper.initServlet(StandardWrapper.java:1134)
	at org.apache.catalina.core.StandardWrapper.allocate(StandardWrapper.java:777)
	at org.apache.catalina.core.StandardWrapperValve.invoke(StandardWrapperValve.java:135)
	at org.apache.catalina.core.StandardContextValve.invoke(StandardContextValve.java:96)
	at org.apache.catalina.authenticator.AuthenticatorBase.invoke(AuthenticatorBase.java:541)
	at org.apache.catalina.core.StandardHostValve.invoke(StandardHostValve.java:139)
	at org.apache.catalina.valves.ErrorReportValve.invoke(ErrorReportValve.java:92)
	at org.apache.catalina.core.StandardEngineValve.invoke(StandardEngineValve.java:74)
	at org.apache.catalina.connector.CoyoteAdapter.service(CoyoteAdapter.java:343)
	at org.apache.coyote.http11.Http11Processor.service(Http11Processor.java:367)
	at org.apache.coyote.AbstractProcessorLight.process(AbstractProcessorLight.java:65)
	at org.apache.coyote.AbstractProtocol$ConnectionHandler.process(AbstractProtocol.java:860)
	at org.apache.tomcat.util.net.NioEndpoint$SocketProcessor.doRun(NioEndpoint.java:1598)
	at org.apache.tomcat.util.net.SocketProcessorBase.run(SocketProcessorBase.java:49)
	at java.util.concurrent.ThreadPoolExecutor.runWorker(ThreadPoolExecutor.java:1149)
	at java.util.concurrent.ThreadPoolExecutor$Worker.run(ThreadPoolExecutor.java:624)
	at org.apache.tomcat.util.threads.TaskThread$WrappingRunnable.run(TaskThread.java:61)
	at java.lang.Thread.run(Thread.java:748)
[lf-1][SERVER_NAME_IS_UNDEFINED][2020-01-31 21:25:49.254][ERROR][http-nio-8080-exec-1][ResourceServlet.java:97] - initParameter config error, allow : true
java.lang.IllegalArgumentException: Invalid IP Address [true]
	at com.alibaba.druid.support.http.util.IPAddress.parseIPAddress(IPAddress.java:150)
	at com.alibaba.druid.support.http.util.IPAddress.<init>(IPAddress.java:30)
	at com.alibaba.druid.support.http.util.IPRange.parseRange(IPRange.java:100)
	at com.alibaba.druid.support.http.util.IPRange.<init>(IPRange.java:41)
	at com.alibaba.druid.support.http.ResourceServlet.initAuthEnv(ResourceServlet.java:91)
	at com.alibaba.druid.support.http.ResourceServlet.init(ResourceServlet.java:61)
	at com.alibaba.druid.support.http.StatViewServlet.init(StatViewServlet.java:65)
	at javax.servlet.GenericServlet.init(GenericServlet.java:158)
	at org.apache.catalina.core.StandardWrapper.initServlet(StandardWrapper.java:1134)
	at org.apache.catalina.core.StandardWrapper.allocate(StandardWrapper.java:777)
	at org.apache.catalina.core.StandardWrapperValve.invoke(StandardWrapperValve.java:135)
	at org.apache.catalina.core.StandardContextValve.invoke(StandardContextValve.java:96)
	at org.apache.catalina.authenticator.AuthenticatorBase.invoke(AuthenticatorBase.java:541)
	at org.apache.catalina.core.StandardHostValve.invoke(StandardHostValve.java:139)
	at org.apache.catalina.valves.ErrorReportValve.invoke(ErrorReportValve.java:92)
	at org.apache.catalina.core.StandardEngineValve.invoke(StandardEngineValve.java:74)
	at org.apache.catalina.connector.CoyoteAdapter.service(CoyoteAdapter.java:343)
	at org.apache.coyote.http11.Http11Processor.service(Http11Processor.java:367)
	at org.apache.coyote.AbstractProcessorLight.process(AbstractProcessorLight.java:65)
	at org.apache.coyote.AbstractProtocol$ConnectionHandler.process(AbstractProtocol.java:860)
	at org.apache.tomcat.util.net.NioEndpoint$SocketProcessor.doRun(NioEndpoint.java:1598)
	at org.apache.tomcat.util.net.SocketProcessorBase.run(SocketProcessorBase.java:49)
	at java.util.concurrent.ThreadPoolExecutor.runWorker(ThreadPoolExecutor.java:1149)
	at java.util.concurrent.ThreadPoolExecutor$Worker.run(ThreadPoolExecutor.java:624)
	at org.apache.tomcat.util.threads.TaskThread$WrappingRunnable.run(TaskThread.java:61)
	at java.lang.Thread.run(Thread.java:748)
[lf-1][SERVER_NAME_IS_UNDEFINED][2020-01-31 21:26:39.236][ERROR][http-nio-8080-exec-1][ResourceServlet.java:97] - initParameter config error, allow : true
java.lang.IllegalArgumentException: Invalid IP Address [true]
	at com.alibaba.druid.support.http.util.IPAddress.parseIPAddress(IPAddress.java:150)
	at com.alibaba.druid.support.http.util.IPAddress.<init>(IPAddress.java:30)
	at com.alibaba.druid.support.http.util.IPRange.parseRange(IPRange.java:100)
	at com.alibaba.druid.support.http.util.IPRange.<init>(IPRange.java:41)
	at com.alibaba.druid.support.http.ResourceServlet.initAuthEnv(ResourceServlet.java:91)
	at com.alibaba.druid.support.http.ResourceServlet.init(ResourceServlet.java:61)
	at com.alibaba.druid.support.http.StatViewServlet.init(StatViewServlet.java:65)
	at javax.servlet.GenericServlet.init(GenericServlet.java:158)
	at org.apache.catalina.core.StandardWrapper.initServlet(StandardWrapper.java:1134)
	at org.apache.catalina.core.StandardWrapper.allocate(StandardWrapper.java:777)
	at org.apache.catalina.core.StandardWrapperValve.invoke(StandardWrapperValve.java:135)
	at org.apache.catalina.core.StandardContextValve.invoke(StandardContextValve.java:96)
	at org.apache.catalina.authenticator.AuthenticatorBase.invoke(AuthenticatorBase.java:541)
	at org.apache.catalina.core.StandardHostValve.invoke(StandardHostValve.java:139)
	at org.apache.catalina.valves.ErrorReportValve.invoke(ErrorReportValve.java:92)
	at org.apache.catalina.core.StandardEngineValve.invoke(StandardEngineValve.java:74)
	at org.apache.catalina.connector.CoyoteAdapter.service(CoyoteAdapter.java:343)
	at org.apache.coyote.http11.Http11Processor.service(Http11Processor.java:367)
	at org.apache.coyote.AbstractProcessorLight.process(AbstractProcessorLight.java:65)
	at org.apache.coyote.AbstractProtocol$ConnectionHandler.process(AbstractProtocol.java:860)
	at org.apache.tomcat.util.net.NioEndpoint$SocketProcessor.doRun(NioEndpoint.java:1598)
	at org.apache.tomcat.util.net.SocketProcessorBase.run(SocketProcessorBase.java:49)
	at java.util.concurrent.ThreadPoolExecutor.runWorker(ThreadPoolExecutor.java:1149)
	at java.util.concurrent.ThreadPoolExecutor$Worker.run(ThreadPoolExecutor.java:624)
	at org.apache.tomcat.util.threads.TaskThread$WrappingRunnable.run(TaskThread.java:61)
	at java.lang.Thread.run(Thread.java:748)
[lf-1][SERVER_NAME_IS_UNDEFINED][2020-01-31 21:27:00.247][ERROR][http-nio-8080-exec-1][ResourceServlet.java:97] - initParameter config error, allow : true
java.lang.IllegalArgumentException: Invalid IP Address [true]
	at com.alibaba.druid.support.http.util.IPAddress.parseIPAddress(IPAddress.java:150)
	at com.alibaba.druid.support.http.util.IPAddress.<init>(IPAddress.java:30)
	at com.alibaba.druid.support.http.util.IPRange.parseRange(IPRange.java:100)
	at com.alibaba.druid.support.http.util.IPRange.<init>(IPRange.java:41)
	at com.alibaba.druid.support.http.ResourceServlet.initAuthEnv(ResourceServlet.java:91)
	at com.alibaba.druid.support.http.ResourceServlet.init(ResourceServlet.java:61)
	at com.alibaba.druid.support.http.StatViewServlet.init(StatViewServlet.java:65)
	at javax.servlet.GenericServlet.init(GenericServlet.java:158)
	at org.apache.catalina.core.StandardWrapper.initServlet(StandardWrapper.java:1134)
	at org.apache.catalina.core.StandardWrapper.allocate(StandardWrapper.java:777)
	at org.apache.catalina.core.StandardWrapperValve.invoke(StandardWrapperValve.java:135)
	at org.apache.catalina.core.StandardContextValve.invoke(StandardContextValve.java:96)
	at org.apache.catalina.authenticator.AuthenticatorBase.invoke(AuthenticatorBase.java:541)
	at org.apache.catalina.core.StandardHostValve.invoke(StandardHostValve.java:139)
	at org.apache.catalina.valves.ErrorReportValve.invoke(ErrorReportValve.java:92)
	at org.apache.catalina.core.StandardEngineValve.invoke(StandardEngineValve.java:74)
	at org.apache.catalina.connector.CoyoteAdapter.service(CoyoteAdapter.java:343)
	at org.apache.coyote.http11.Http11Processor.service(Http11Processor.java:367)
	at org.apache.coyote.AbstractProcessorLight.process(AbstractProcessorLight.java:65)
	at org.apache.coyote.AbstractProtocol$ConnectionHandler.process(AbstractProtocol.java:860)
	at org.apache.tomcat.util.net.NioEndpoint$SocketProcessor.doRun(NioEndpoint.java:1598)
	at org.apache.tomcat.util.net.SocketProcessorBase.run(SocketProcessorBase.java:49)
	at java.util.concurrent.ThreadPoolExecutor.runWorker(ThreadPoolExecutor.java:1149)
	at java.util.concurrent.ThreadPoolExecutor$Worker.run(ThreadPoolExecutor.java:624)
	at org.apache.tomcat.util.threads.TaskThread$WrappingRunnable.run(TaskThread.java:61)
	at java.lang.Thread.run(Thread.java:748)
